<?xml version="1.0" encoding="UTF-8"?>
<!-- Generated by org.testng.reporters.JUnitReportReporter -->
<testsuite hostname="LAPTOP-1HPVH64F" failures="0" tests="2" name="com.ravinacompany.AppTest" time="0.009" errors="0" timestamp="2023-03-22T22:58:38 IST" skipped="0">
  <testcase classname="com.ravinacompany.AppTest" name="testlogin1" time="0.009"/>
  <system-out/>
  <testcase classname="com.ravinacompany.AppTest" name="testlogin2" time="0.000"/>
  <system-out/>
</testsuite> <!-- com.ravinacompany.AppTest -->
